生成启动时间为 2017/2/25 17:47:42。
     1>项目“I:\MyProject\SwuLogin\LOGIN\LOGIN.vcxproj”在节点 2 上(Rebuild 个目标)。
     1>ClCompile:
         F:\Program Files (x86)\Microsoft Visual Studio 14.0\VC\bin\CL.exe /c /Zi /nologo /W3 /WX- /O2 /Oi /Oy- /GL /D WIN32 /D _WINDOWS /D NDEBUG /D _UNICODE /D UNICODE /Gm- /EHsc /MT /GS /Gy /fp:precise /Zc:wchar_t /Zc:forScope /Zc:inline /Yc"stdafx.h" /Fp"Release\LOGIN.pch" /Fo"Release\\" /Fd"Release\vc140.pdb" /Gd /TP /analyze- /errorReport:prompt stdafx.cpp
         stdafx.cpp
         F:\Program Files (x86)\Microsoft Visual Studio 14.0\VC\bin\CL.exe /c /Zi /nologo /W3 /WX- /O2 /Oi /Oy- /GL /D WIN32 /D _WINDOWS /D NDEBUG /D _UNICODE /D UNICODE /Gm- /EHsc /MT /GS /Gy /fp:precise /Zc:wchar_t /Zc:forScope /Zc:inline /Yu"stdafx.h" /Fp"Release\LOGIN.pch" /Fo"Release\\" /Fd"Release\vc140.pdb" /Gd /TP /analyze- /errorReport:prompt Code.cpp Func.cpp HttpClient.cpp LOGIN.cpp LOGINDlg.cpp
         Code.cpp
     1>Code.cpp(185): warning C4996: 'sprintf': This function or variable may be unsafe. Consider using sprintf_s instead. To disable deprecation, use _CRT_SECURE_NO_WARNINGS. See online help for details.
         C:\Program Files (x86)\Windows Kits\10\Include\10.0.10150.0\ucrt\stdio.h(1769): note: 参见“sprintf”的声明
     1>Code.cpp(195): warning C4996: 'sprintf': This function or variable may be unsafe. Consider using sprintf_s instead. To disable deprecation, use _CRT_SECURE_NO_WARNINGS. See online help for details.
         C:\Program Files (x86)\Windows Kits\10\Include\10.0.10150.0\ucrt\stdio.h(1769): note: 参见“sprintf”的声明
         Func.cpp
     1>Func.cpp(14): warning C4018: “<”: 有符号/无符号不匹配
         HttpClient.cpp
     1>HttpClient.cpp(40): warning C4244: “=”: 从“DWORD”转换到“INTERNET_PORT”，可能丢失数据
         LOGIN.cpp
         LOGINDlg.cpp
     1>LOGINDlg.cpp(232): warning C4101: “data”: 未引用的局部变量
     1>LOGINDlg.cpp(233): warning C4101: “dwSize”: 未引用的局部变量
       ResourceCompile:
         C:\Program Files (x86)\Windows Kits\8.1\bin\x86\rc.exe /D NDEBUG /D _UNICODE /D UNICODE /l"0x0804" /IRelease\ /nologo /fo"Release\LOGIN.res" LOGIN.rc 
       Link:
         F:\Program Files (x86)\Microsoft Visual Studio 14.0\VC\bin\link.exe /ERRORREPORT:PROMPT /OUT:"I:\MyProject\SwuLogin\Release\LOGIN.exe" /INCREMENTAL:NO /NOLOGO /MANIFEST /MANIFESTUAC:"level='asInvoker' uiAccess='false'" /manifest:embed /manifestinput:"F:\Program Files (x86)\Microsoft Visual Studio 14.0\VC\Include\Manifest\dpiaware.manifest" /Debug /PDB:"I:\MyProject\SwuLogin\Release\LOGIN.pdb" /SUBSYSTEM:WINDOWS /OPT:REF /OPT:ICF /LTCG:incremental /TLBID:1 /ENTRY:"wWinMainCRTStartup" /DYNAMICBASE /NXCOMPAT /IMPLIB:"I:\MyProject\SwuLogin\Release\LOGIN.lib" /MACHINE:X86 /SAFESEH Release\LOGIN.res
         Release\Code.obj
         Release\Func.obj
         Release\HttpClient.obj
         Release\LOGIN.obj
         Release\LOGINDlg.obj
         Release\stdafx.obj
         正在生成代码
         All 409 functions were compiled because no usable IPDB/IOBJ from previous compilation was found.
         已完成代码的生成
         LOGIN.vcxproj -> I:\MyProject\SwuLogin\Release\LOGIN.exe
     1>已完成生成项目“I:\MyProject\SwuLogin\LOGIN\LOGIN.vcxproj”(Rebuild 个目标)的操作。

已成功生成。

已用时间 00:00:23.85
