i:\myproject\swulogin\login\release\login.pch
i:\myproject\swulogin\login\release\vc140.pdb
i:\myproject\swulogin\login\release\stdafx.obj
i:\myproject\swulogin\login\release\logindlg.obj
i:\myproject\swulogin\login\release\login.obj
i:\myproject\swulogin\login\release\httpclient.obj
i:\myproject\swulogin\login\release\func.obj
i:\myproject\swulogin\login\release\code.obj
i:\myproject\swulogin\release\login.exe
i:\myproject\swulogin\release\login.ipdb
i:\myproject\swulogin\release\login.iobj
i:\myproject\swulogin\release\login.pdb
i:\myproject\swulogin\login\release\login.res
i:\myproject\swulogin\login\release\login.tlog\cl.command.1.tlog
i:\myproject\swulogin\login\release\login.tlog\cl.read.1.tlog
i:\myproject\swulogin\login\release\login.tlog\cl.write.1.tlog
i:\myproject\swulogin\login\release\login.tlog\link.command.1.tlog
i:\myproject\swulogin\login\release\login.tlog\link.read.1.tlog
i:\myproject\swulogin\login\release\login.tlog\link.write.1.tlog
i:\myproject\swulogin\login\release\login.tlog\rc.command.1.tlog
i:\myproject\swulogin\login\release\login.tlog\rc.read.1.tlog
i:\myproject\swulogin\login\release\login.tlog\rc.write.1.tlog
